<?xml version="1.0" encoding="UTF-8"?>
<coverage generated="1685955335884" clover="3.2.0">
  <project timestamp="1685955335884" name="All files">
    <metrics statements="43" coveredstatements="43" conditionals="0" coveredconditionals="0" methods="3" coveredmethods="2" elements="46" coveredelements="45" complexity="0" loc="43" ncloc="43" packages="1" files="4" classes="4"/>
    <file name="index.ts" path="/Users/lorde/Desktop/Work File/Explorations/md-react-mail/src/index.ts">
      <metrics statements="2" coveredstatements="2" conditionals="0" coveredconditionals="0" methods="2" coveredmethods="1"/>
      <line num="1" count="1" type="stmt"/>
      <line num="2" count="15" type="stmt"/>
    </file>
    <file name="patterns.ts" path="/Users/lorde/Desktop/Work File/Explorations/md-react-mail/src/patterns.ts">
      <metrics statements="1" coveredstatements="1" conditionals="0" coveredconditionals="0" methods="0" coveredmethods="0"/>
      <line num="1" count="1" type="stmt"/>
    </file>
    <file name="styles.ts" path="/Users/lorde/Desktop/Work File/Explorations/md-react-mail/src/styles.ts">
      <metrics statements="13" coveredstatements="13" conditionals="0" coveredconditionals="0" methods="0" coveredmethods="0"/>
      <line num="1" count="1" type="stmt"/>
      <line num="6" count="1" type="stmt"/>
      <line num="11" count="1" type="stmt"/>
      <line num="15" count="1" type="stmt"/>
      <line num="19" count="1" type="stmt"/>
      <line num="23" count="1" type="stmt"/>
      <line num="27" count="1" type="stmt"/>
      <line num="32" count="1" type="stmt"/>
      <line num="36" count="1" type="stmt"/>
      <line num="40" count="1" type="stmt"/>
      <line num="48" count="1" type="stmt"/>
      <line num="57" count="1" type="stmt"/>
      <line num="66" count="1" type="stmt"/>
    </file>
    <file name="utils.ts" path="/Users/lorde/Desktop/Work File/Explorations/md-react-mail/src/utils.ts">
      <metrics statements="27" coveredstatements="27" conditionals="0" coveredconditionals="0" methods="1" coveredmethods="1"/>
      <line num="1" count="1" type="stmt"/>
      <line num="2" count="1" type="stmt"/>
      <line num="17" count="1" type="stmt"/>
      <line num="18" count="15" type="stmt"/>
      <line num="21" count="15" type="stmt"/>
      <line num="25" count="15" type="stmt"/>
      <line num="29" count="15" type="stmt"/>
      <line num="33" count="15" type="stmt"/>
      <line num="37" count="15" type="stmt"/>
      <line num="41" count="15" type="stmt"/>
      <line num="47" count="15" type="stmt"/>
      <line num="50" count="15" type="stmt"/>
      <line num="56" count="15" type="stmt"/>
      <line num="62" count="15" type="stmt"/>
      <line num="63" count="15" type="stmt"/>
      <line num="66" count="15" type="stmt"/>
      <line num="69" count="15" type="stmt"/>
      <line num="75" count="15" type="stmt"/>
      <line num="83" count="15" type="stmt"/>
      <line num="89" count="15" type="stmt"/>
      <line num="95" count="15" type="stmt"/>
      <line num="98" count="15" type="stmt"/>
      <line num="101" count="15" type="stmt"/>
      <line num="103" count="15" type="stmt"/>
      <line num="106" count="1" type="stmt"/>
      <line num="107" count="1" type="stmt"/>
      <line num="108" count="1" type="stmt"/>
    </file>
  </project>
</coverage>
