{"/Users/lorde/Desktop/Work File/Explorations/md-react-mail/src/index.ts": {"path":"/Users/lorde/Desktop/Work File/Explorations/md-react-mail/src/index.ts","statementMap":{"0":{"start":{"line":1,"column":0},"end":{"line":1,"column":9}},"1":{"start":{"line":1,"column":9},"end":{"line":1,"column":38}},"2":{"start":{"line":2,"column":0},"end":{"line":2,"column":9}},"3":{"start":{"line":2,"column":9},"end":{"line":2,"column":51}}},"fnMap":{"0":{"name":"(anonymous_0)","decl":{"start":{"line":1,"column":9},"end":{"line":1,"column":17}},"loc":{"start":{"line":1,"column":9},"end":{"line":1,"column":38}}},"1":{"name":"(anonymous_1)","decl":{"start":{"line":2,"column":9},"end":{"line":2,"column":33}},"loc":{"start":{"line":2,"column":9},"end":{"line":2,"column":51}}}},"branchMap":{},"s":{"0":1,"1":1,"2":1,"3":15},"f":{"0":0,"1":14},"b":{}}
,"/Users/lorde/Desktop/Work File/Explorations/md-react-mail/src/patterns.ts": {"path":"/Users/lorde/Desktop/Work File/Explorations/md-react-mail/src/patterns.ts","statementMap":{"0":{"start":{"line":1,"column":13},"end":{"line":19,"column":2}}},"fnMap":{},"branchMap":{},"s":{"0":1},"f":{},"b":{}}
,"/Users/lorde/Desktop/Work File/Explorations/md-react-mail/src/styles.ts": {"path":"/Users/lorde/Desktop/Work File/Explorations/md-react-mail/src/styles.ts","statementMap":{"0":{"start":{"line":1,"column":25},"end":{"line":4,"column":2}},"1":{"start":{"line":6,"column":13},"end":{"line":8,"column":null}},"2":{"start":{"line":11,"column":13},"end":{"line":13,"column":null}},"3":{"start":{"line":15,"column":13},"end":{"line":17,"column":null}},"4":{"start":{"line":19,"column":13},"end":{"line":21,"column":null}},"5":{"start":{"line":23,"column":13},"end":{"line":25,"column":null}},"6":{"start":{"line":27,"column":13},"end":{"line":29,"column":null}},"7":{"start":{"line":32,"column":13},"end":{"line":34,"column":2}},"8":{"start":{"line":36,"column":13},"end":{"line":38,"column":2}},"9":{"start":{"line":40,"column":13},"end":{"line":46,"column":2}},"10":{"start":{"line":48,"column":13},"end":{"line":55,"column":2}},"11":{"start":{"line":57,"column":13},"end":{"line":64,"column":2}},"12":{"start":{"line":66,"column":13},"end":{"line":70,"column":2}}},"fnMap":{},"branchMap":{},"s":{"0":1,"1":1,"2":1,"3":1,"4":1,"5":1,"6":1,"7":1,"8":1,"9":1,"10":1,"11":1,"12":1},"f":{},"b":{}}
,"/Users/lorde/Desktop/Work File/Explorations/md-react-mail/src/utils.ts": {"path":"/Users/lorde/Desktop/Work File/Explorations/md-react-mail/src/utils.ts","statementMap":{"0":{"start":{"line":1,"column":0},"end":{"line":1,"column":38}},"1":{"start":{"line":2,"column":0},"end":{"line":2,"column":null}},"2":{"start":{"line":18,"column":13},"end":{"line":18,"column":15}},"3":{"start":{"line":21,"column":2},"end":{"line":24,"column":4}},"4":{"start":{"line":25,"column":2},"end":{"line":28,"column":4}},"5":{"start":{"line":29,"column":2},"end":{"line":32,"column":4}},"6":{"start":{"line":33,"column":2},"end":{"line":36,"column":4}},"7":{"start":{"line":37,"column":2},"end":{"line":40,"column":4}},"8":{"start":{"line":41,"column":2},"end":{"line":44,"column":4}},"9":{"start":{"line":47,"column":2},"end":{"line":47,"column":40}},"10":{"start":{"line":50,"column":2},"end":{"line":53,"column":4}},"11":{"start":{"line":56,"column":2},"end":{"line":59,"column":4}},"12":{"start":{"line":62,"column":2},"end":{"line":62,"column":50}},"13":{"start":{"line":63,"column":2},"end":{"line":63,"column":50}},"14":{"start":{"line":66,"column":2},"end":{"line":66,"column":67}},"15":{"start":{"line":69,"column":2},"end":{"line":72,"column":4}},"16":{"start":{"line":75,"column":2},"end":{"line":80,"column":4}},"17":{"start":{"line":83,"column":2},"end":{"line":86,"column":4}},"18":{"start":{"line":89,"column":2},"end":{"line":92,"column":4}},"19":{"start":{"line":95,"column":2},"end":{"line":95,"column":45}},"20":{"start":{"line":98,"column":2},"end":{"line":98,"column":45}},"21":{"start":{"line":101,"column":2},"end":{"line":101,"column":38}},"22":{"start":{"line":103,"column":2},"end":{"line":103,"column":14}},"23":{"start":{"line":17,"column":0},"end":{"line":17,"column":16}},"24":{"start":{"line":106,"column":10},"end":{"line":106,"column":61}},"25":{"start":{"line":107,"column":10},"end":{"line":107,"column":37}},"26":{"start":{"line":108,"column":0},"end":{"line":108,"column":15}}},"fnMap":{"0":{"name":"parseMarkdownToReactMail","decl":{"start":{"line":17,"column":16},"end":{"line":17,"column":40}},"loc":{"start":{"line":17,"column":57},"end":{"line":104,"column":1}}}},"branchMap":{},"s":{"0":1,"1":1,"2":15,"3":15,"4":15,"5":15,"6":15,"7":15,"8":15,"9":15,"10":15,"11":15,"12":15,"13":15,"14":15,"15":15,"16":15,"17":15,"18":15,"19":15,"20":15,"21":15,"22":15,"23":1,"24":1,"25":1,"26":1},"f":{"0":15},"b":{}}
}
