TN:
SF:src/index.ts
FN:1,(anonymous_0)
FN:2,(anonymous_1)
FNF:2
FNH:1
FNDA:0,(anonymous_0)
FNDA:14,(anonymous_1)
DA:1,1
DA:2,15
LF:2
LH:2
BRF:0
BRH:0
end_of_record
TN:
SF:src/patterns.ts
FNF:0
FNH:0
DA:1,1
LF:1
LH:1
BRF:0
BRH:0
end_of_record
TN:
SF:src/styles.ts
FNF:0
FNH:0
DA:1,1
DA:6,1
DA:11,1
DA:15,1
DA:19,1
DA:23,1
DA:27,1
DA:32,1
DA:36,1
DA:40,1
DA:48,1
DA:57,1
DA:66,1
LF:13
LH:13
BRF:0
BRH:0
end_of_record
TN:
SF:src/utils.ts
FN:17,parseMarkdownToReactMail
FNF:1
FNH:1
FNDA:15,parseMarkdownToReactMail
DA:1,1
DA:2,1
DA:17,1
DA:18,15
DA:21,15
DA:25,15
DA:29,15
DA:33,15
DA:37,15
DA:41,15
DA:47,15
DA:50,15
DA:56,15
DA:62,15
DA:63,15
DA:66,15
DA:69,15
DA:75,15
DA:83,15
DA:89,15
DA:95,15
DA:98,15
DA:101,15
DA:103,15
DA:106,1
DA:107,1
DA:108,1
LF:27
LH:27
BRF:0
BRH:0
end_of_record
